<?xml version="1.0" encoding="UTF-8"?>
<!-- Generated by org.testng.reporters.JUnitReportReporter -->
<testsuite hostname="RushabhaPc" failures="0" tests="2" name="tests.LoginTest" time="7.625" errors="0" timestamp="2025-09-05T13:47:41 IST" skipped="0">
  <testcase classname="tests.LoginTest" name="successfulLogin" time="5.446"/>
  <testcase classname="tests.LoginTest" name="invalidLogin" time="2.179"/>
</testsuite> <!-- tests.LoginTest -->
